<?xml version="1.0" encoding="UTF-8"?>
<!-- Generated by org.testng.reporters.JUnitReportReporter -->
<testsuite hostname="DESKTOP-6T5BH1R" failures="0" tests="1" name="testCases.BIllingDetailesTest" time="57.068" errors="0" timestamp="2024-01-17T15:38:28 EST" skipped="0">
  <testcase classname="testCases.BIllingDetailesTest" name="billing" time="57.068"/>
  <system-out/>
</testsuite> <!-- testCases.BIllingDetailesTest -->
