<?xml version="1.0" encoding="UTF-8"?>
<!-- Generated by org.testng.reporters.JUnitReportReporter -->
<testsuite hostname="DESKTOP-6T5BH1R" failures="0" tests="1" name="testCases.BIllingDetailesTest" time="51.091" errors="0" timestamp="2023-12-21T14:38:16 EST" skipped="0">
  <testcase classname="testCases.BIllingDetailesTest" name="billing" time="51.091"/>
  <system-out/>
</testsuite> <!-- testCases.BIllingDetailesTest -->
